<?xml version="1.0" encoding="UTF-8"?>
<testsuite xmlns:xsi="http://www.w3.org/2001/XMLSchema-instance" xsi:schemaLocation="https://maven.apache.org/surefire/maven-surefire-plugin/xsd/surefire-test-report.xsd" name="cucumber_options.RunCukeTest" time="54.534" tests="20" errors="0" skipped="1" failures="2">
  <properties>
    <property name="java.runtime.name" value="Java(TM) SE Runtime Environment"/>
    <property name="sun.boot.library.path" value="C:\Program Files\Java\jdk1.7.0_79\jre\bin"/>
    <property name="java.vm.version" value="24.79-b02"/>
    <property name="java.vm.vendor" value="Oracle Corporation"/>
    <property name="maven.multiModuleProjectDirectory" value="C:\Users\sheetalsingh\workspace\CucumberJenkin"/>
    <property name="java.vendor.url" value="http://java.oracle.com/"/>
    <property name="path.separator" value=";"/>
    <property name="guice.disable.misplaced.annotation.check" value="true"/>
    <property name="java.vm.name" value="Java HotSpot(TM) 64-Bit Server VM"/>
    <property name="file.encoding.pkg" value="sun.io"/>
    <property name="user.script" value=""/>
    <property name="user.country" value="IN"/>
    <property name="sun.java.launcher" value="SUN_STANDARD"/>
    <property name="sun.os.patch.level" value=""/>
    <property name="java.vm.specification.name" value="Java Virtual Machine Specification"/>
    <property name="user.dir" value="C:\Users\sheetalsingh\workspace\CucumberJenkin"/>
    <property name="java.runtime.version" value="1.7.0_79-b15"/>
    <property name="java.awt.graphicsenv" value="sun.awt.Win32GraphicsEnvironment"/>
    <property name="java.endorsed.dirs" value="C:\Program Files\Java\jdk1.7.0_79\jre\lib\endorsed"/>
    <property name="os.arch" value="amd64"/>
    <property name="java.io.tmpdir" value="C:\Users\SHEETA~1\AppData\Local\Temp\"/>
    <property name="line.separator" value="&#10;"/>
    <property name="java.vm.specification.vendor" value="Oracle Corporation"/>
    <property name="user.variant" value=""/>
    <property name="os.name" value="Windows 8.1"/>
    <property name="classworlds.conf" value="C:\Users\sheetalsingh\Downloads\apache-maven-3.3.3-bin\apache-maven-3.3.3\bin\..\bin\m2.conf"/>
    <property name="sun.jnu.encoding" value="Cp1252"/>
    <property name="java.library.path" value="C:\Program Files\Java\jdk1.7.0_79\bin;C:\Windows\Sun\Java\bin;C:\Windows\system32;C:\Windows;C:\Windows\system32;C:\Windows;C:\Windows\System32\Wbem;C:\Windows\System32\WindowsPowerShell\v1.0\;C:\Program Files (x86)\Skype\Phone\;C:\Program Files\Java\jdk1.7.0_79\bin;C:\Users\sheetalsingh\Downloads\apache-maven-3.3.3-bin\apache-maven-3.3.3\bin;C:\Android\sdk\platform-tools;C:\Android\sdk\tools;."/>
    <property name="java.specification.name" value="Java Platform API Specification"/>
    <property name="java.class.version" value="51.0"/>
    <property name="sun.management.compiler" value="HotSpot 64-Bit Tiered Compilers"/>
    <property name="os.version" value="6.3"/>
    <property name="user.home" value="C:\Users\sheetalsingh"/>
    <property name="user.timezone" value="Asia/Calcutta"/>
    <property name="java.awt.printerjob" value="sun.awt.windows.WPrinterJob"/>
    <property name="java.specification.version" value="1.7"/>
    <property name="file.encoding" value="Cp1252"/>
    <property name="cucumeber.options" value="--tag @uat"/>
    <property name="user.name" value="Sheetalsingh"/>
    <property name="java.class.path" value="C:\Users\sheetalsingh\Downloads\apache-maven-3.3.3-bin\apache-maven-3.3.3\bin\..\boot\plexus-classworlds-2.5.2.jar"/>
    <property name="java.vm.specification.version" value="1.7"/>
    <property name="sun.arch.data.model" value="64"/>
    <property name="java.home" value="C:\Program Files\Java\jdk1.7.0_79\jre"/>
    <property name="sun.java.command" value="org.codehaus.plexus.classworlds.launcher.Launcher clean test -Dcucumeber.options=--tag @uat"/>
    <property name="java.specification.vendor" value="Oracle Corporation"/>
    <property name="user.language" value="en"/>
    <property name="awt.toolkit" value="sun.awt.windows.WToolkit"/>
    <property name="java.vm.info" value="mixed mode"/>
    <property name="java.version" value="1.7.0_79"/>
    <property name="java.ext.dirs" value="C:\Program Files\Java\jdk1.7.0_79\jre\lib\ext;C:\Windows\Sun\Java\lib\ext"/>
    <property name="sun.boot.class.path" value="C:\Program Files\Java\jdk1.7.0_79\jre\lib\resources.jar;C:\Program Files\Java\jdk1.7.0_79\jre\lib\rt.jar;C:\Program Files\Java\jdk1.7.0_79\jre\lib\sunrsasign.jar;C:\Program Files\Java\jdk1.7.0_79\jre\lib\jsse.jar;C:\Program Files\Java\jdk1.7.0_79\jre\lib\jce.jar;C:\Program Files\Java\jdk1.7.0_79\jre\lib\charsets.jar;C:\Program Files\Java\jdk1.7.0_79\jre\lib\jfr.jar;C:\Program Files\Java\jdk1.7.0_79\jre\classes"/>
    <property name="java.vendor" value="Oracle Corporation"/>
    <property name="maven.home" value="C:\Users\sheetalsingh\Downloads\apache-maven-3.3.3-bin\apache-maven-3.3.3\bin\.."/>
    <property name="file.separator" value="\"/>
    <property name="java.vendor.url.bug" value="http://bugreport.sun.com/bugreport/"/>
    <property name="sun.cpu.endian" value="little"/>
    <property name="sun.io.unicode.encoding" value="UnicodeLittle"/>
    <property name="sun.desktop" value="windows"/>
    <property name="sun.cpu.isalist" value="amd64"/>
  </properties>
  <testcase name="Given background text" classname="Scenario: Test1 description" time="0.003"/>
  <testcase name="Then test1" classname="Scenario: Test1 description" time="0"/>
  <testcase name="Scenario: Test1 description" classname="Scenario: Test1 description" time="0.003"/>
  <testcase name="Given background text" classname="Scenario: Test2 description" time="0"/>
  <testcase name="Then test2" classname="Scenario: Test2 description" time="0"/>
  <testcase name="Scenario: Test2 description" classname="Scenario: Test2 description" time="0.003"/>
  <testcase name="Given background text" classname="Scenario: Test3 description" time="0"/>
  <testcase name="Then test3" classname="Scenario: Test3 description" time="0.001"/>
  <testcase name="Scenario: Test3 description" classname="Scenario: Test3 description" time="0.005"/>
  <testcase name="Given background text" classname="Scenario: Test4 description" time="0"/>
  <testcase name="Then test4" classname="Scenario: Test4 description" time="0"/>
  <testcase name="Scenario: Test4 description" classname="Scenario: Test4 description" time="0.007"/>
  <testcase name="Given background text" classname="Scenario: Test5 description" time="0.001"/>
  <testcase name="Then test5" classname="Scenario: Test5 description" time="0"/>
  <testcase name="Scenario: Test5 description" classname="Scenario: Test5 description" time="0.004"/>
  <testcase name="Given user is on application home page" classname="| seleniumhq org |" time="0.001"/>
  <testcase name="When user search for &quot;seleniumhq org&quot;" classname="| seleniumhq org |" time="0"/>
  <testcase name="Then user verify results" classname="| seleniumhq org |" time="0.019">
    <failure message="Search result is not 10" type="java.lang.AssertionError">java.lang.AssertionError: Search result is not 10
</failure>
    <system-out><![CDATA[----------------SRP Title:seleniumhq org - Yahoo India Search Results
----------------Count:8
]]></system-out>
  </testcase>
  <testcase name="| seleniumhq org |" classname="| seleniumhq org |" time="0.019">
    <failure message="Search result is not 10" type="java.lang.AssertionError">java.lang.AssertionError: Search result is not 10
</failure>
  </testcase>
  <testcase name="And user close the application" classname="| seleniumhq org |" time="0">
    <skipped/>
  </testcase>
</testsuite>